<?xml version="1.0" encoding="UTF-8"?>
<!-- Generated by org.testng.reporters.JUnitReportReporter -->
<testsuite hostname="DESKTOP-4PJA6E7" failures="0" tests="3" name="org.interview.testcases.LoginPageTest" time="59.529" errors="0" timestamp="2024-05-23T01:26:59 IST" skipped="0">
  <testcase classname="org.interview.testcases.LoginPageTest" name="validLogin" time="26.407"/>
  <testcase classname="org.interview.testcases.LoginPageTest" name="invalidPasswordWrong" time="16.576"/>
  <testcase classname="org.interview.testcases.LoginPageTest" name="invalidUsernameWrong" time="16.546"/>
</testsuite> <!-- org.interview.testcases.LoginPageTest -->
