<?xml version="1.0" encoding="UTF-8"?>
<!-- Generated by org.testng.reporters.JUnitReportReporter -->
<testsuite hostname="DESKTOP-4PJA6E7" failures="0" tests="1" name="org.interview.testcases.SearchProductPageTest" time="29.829" errors="0" timestamp="2024-05-23T01:26:59 IST" skipped="0">
  <testcase classname="org.interview.testcases.SearchProductPageTest" name="searchProduct" time="29.829"/>
</testsuite> <!-- org.interview.testcases.SearchProductPageTest -->
